[LOG] System::create                           : Header version = 2.01.07. Current version = 2.01.07.
[LOG] Manager::init                            : maxchannels = 256 studioflags = 00000006 flags 00000000 extradriverdata 0000000000000000.
[LOG] SystemI::init                            : Initialize version=20107 (113487), maxchannels=256, flags=0x00020000
[LOG] SystemI::setOutputInternal               : Setting output to 'FMOD WASAPI Output'
[LOG] OutputWASAPI::init                       : Mix Format (WAVEFORMATEX): wFormatTag=0xFFFE, nChannels=2, nSamplesPerSec=48000, nAvgBytesPerSec=384000, nBlockAlign=8, wBitsPerSample=32, cbSize=22.
[LOG] OutputWASAPI::init                       : Mix Format (WAVEFORMATEXTENSIBLE): wValidBitsPerSample=32, dwChannelMask=0x00000003, SubFormat=00000003-0000-0010-8000-00AA00389B71.
[LOG] OutputWASAPI::init                       : Output buffer size: 4096 samples, latency: 0.00ms, period: 10.00ms, DSP buffer: 1024 * 4
[LOG] Thread::initThread                       : Init FMOD stream thread. Affinity: 0x8000000000000003, Priority: 0xFFFF7FFB, Stack Size: 98304, Semaphore: No, Sleep Time: 10, Looping: Yes.
[LOG] Thread::initThread                       : Init FMOD mixer thread. Affinity: 0x8000000000000001, Priority: 0xFFFF7FFA, Stack Size: 81920, Semaphore: No, Sleep Time: 0, Looping: Yes.
[LOG] AsyncManager::init                       : manager 000002CEC55EAE38 isAsync 0 updatePeriod 0.02
[LOG] AsyncManager::init                       : done
[LOG] PlaybackSystem::init                     : 
[LOG] Thread::initThread                       : Init FMOD Studio sample load thread. Affinity: 0x8000000000000003, Priority: 0xFFFF7FFD, Stack Size: 98304, Semaphore: No, Sleep Time: 1, Looping: No.
[LOG] PlaybackSystem::init                     : done
[LOG] Thread::initThread                       : Init FMOD Studio bank load thread. Affinity: 0x8000000000000003, Priority: 0xFFFF7FFD, Stack Size: 98304, Semaphore: No, Sleep Time: 1, Looping: No.
[LOG] Manager::init                            : done.
[LOG] Manager::readBank                        : fileversion = 135, compatVersion = 132 (oldest = 44, newest = 135)
[LOG] SystemI::createSoundInternal             : Create name='', mode=0x02000202
[LOG] SystemI::createSoundInternal             : exinfo->cbsize             = 224
[LOG] SystemI::createSoundInternal             : exinfo->length             = 2939904
[LOG] SystemI::createSoundInternal             : exinfo->fileoffset         = 36096
[LOG] SystemI::createSoundInternal             : exinfo->numsubsounds       = 1
[LOG] SystemI::createSoundInternal             : exinfo->inclusionlist      = 000000F80EBFF548
[LOG] SystemI::createSoundInternal             : exinfo->inclusionlistnum   = 1
[LOG] SystemI::createSoundInternal             : exinfo->suggestedsoundtype = 5
[LOG] SystemI::createSoundInternal             : exinfo->useropen           = 00007FFF99CE7B10
[LOG] SystemI::createSoundInternal             : exinfo->userclose          = 00007FFF99CE7AE0
[LOG] SystemI::createSoundInternal             : exinfo->userread           = 00007FFF99CE7BE0
[LOG] SystemI::createSoundInternal             : exinfo->userseek           = 00007FFF99CE7CA0
[LOG] SystemI::createSoundInternal             : exinfo->fileuserdata       = 000002CF296982F8
[LOG] SystemI::createSoundInternal             : exinfo->initialseekpostype = 1
[LOG] SystemI::DSPCodecPoolRegister            : register codec pool for pool type 5
[LOG] SystemI::createSoundInternal             : Sample 0/1: name='ChalkboadSFX_04-004', format=5, channels=2, frequency=48000, lengthbytes=16256, lengthpcm=134400, pcmblocksize=0, loopstart=0, loopend=0, mode=0x00000000, channelmask=0x00000000, channelorder=0, peakvolume=0.268316.
[LOG] SystemI::createSoundInternal             : Create name='', mode=0x02000202
[LOG] SystemI::createSoundInternal             : exinfo->cbsize             = 224
[LOG] SystemI::createSoundInternal             : exinfo->length             = 2939904
[LOG] SystemI::createSoundInternal             : exinfo->fileoffset         = 36096
[LOG] SystemI::createSoundInternal             : exinfo->numsubsounds       = 1
[LOG] SystemI::createSoundInternal             : exinfo->inclusionlist      = 000000F80EBFF548
[LOG] SystemI::createSoundInternal             : exinfo->inclusionlistnum   = 1
[LOG] SystemI::createSoundInternal             : exinfo->suggestedsoundtype = 5
[LOG] SystemI::createSoundInternal             : exinfo->useropen           = 00007FFF99CE7B10
[LOG] SystemI::createSoundInternal             : exinfo->userclose          = 00007FFF99CE7AE0
[LOG] SystemI::createSoundInternal             : exinfo->userread           = 00007FFF99CE7BE0
[LOG] SystemI::createSoundInternal             : exinfo->userseek           = 00007FFF99CE7CA0
[LOG] SystemI::createSoundInternal             : exinfo->fileuserdata       = 000002CF296982F8
[LOG] SystemI::createSoundInternal             : exinfo->initialseekpostype = 1
[LOG] SystemI::DSPCodecPoolRegister            : register codec pool for pool type 5
[LOG] SystemI::createSoundInternal             : Sample 0/1: name='ChalkboadSFX_04-001', format=5, channels=2, frequency=48000, lengthbytes=16128, lengthpcm=134400, pcmblocksize=0, loopstart=0, loopend=0, mode=0x00000000, channelmask=0x00000000, channelorder=0, peakvolume=0.222587.
[LOG] SystemI::createSoundInternal             : Create name='', mode=0x02000202
[LOG] SystemI::createSoundInternal             : exinfo->cbsize             = 224
[LOG] SystemI::createSoundInternal             : exinfo->length             = 2939904
[LOG] SystemI::createSoundInternal             : exinfo->fileoffset         = 36096
[LOG] SystemI::createSoundInternal             : exinfo->numsubsounds       = 1
[LOG] SystemI::createSoundInternal             : exinfo->inclusionlist      = 000000F80EBFF548
[LOG] SystemI::createSoundInternal             : exinfo->inclusionlistnum   = 1
[LOG] SystemI::createSoundInternal             : exinfo->suggestedsoundtype = 5
[LOG] SystemI::createSoundInternal             : exinfo->useropen           = 00007FFF99CE7B10
[LOG] SystemI::createSoundInternal             : exinfo->userclose          = 00007FFF99CE7AE0
[LOG] SystemI::createSoundInternal             : exinfo->userread           = 00007FFF99CE7BE0
[LOG] SystemI::createSoundInternal             : exinfo->userseek           = 00007FFF99CE7CA0
[LOG] SystemI::createSoundInternal             : exinfo->fileuserdata       = 000002CF296982F8
[LOG] SystemI::createSoundInternal             : exinfo->initialseekpostype = 1
[LOG] SystemI::DSPCodecPoolRegister            : register codec pool for pool type 5
[LOG] SystemI::createSoundInternal             : Sample 0/1: name='ChalkboadSFX_04-003', format=5, channels=2, frequency=48000, lengthbytes=16064, lengthpcm=134400, pcmblocksize=0, loopstart=0, loopend=0, mode=0x00000000, channelmask=0x00000000, channelorder=0, peakvolume=0.225049.
[LOG] SystemI::createSoundInternal             : Create name='', mode=0x02000202
[LOG] SystemI::createSoundInternal             : exinfo->cbsize             = 224
[LOG] SystemI::createSoundInternal             : exinfo->length             = 2939904
[LOG] SystemI::createSoundInternal             : exinfo->fileoffset         = 36096
[LOG] SystemI::createSoundInternal             : exinfo->numsubsounds       = 1
[LOG] SystemI::createSoundInternal             : exinfo->inclusionlist      = 000000F80EBFF548
[LOG] SystemI::createSoundInternal             : exinfo->inclusionlistnum   = 1
[LOG] SystemI::createSoundInternal             : exinfo->suggestedsoundtype = 5
[LOG] SystemI::createSoundInternal             : exinfo->useropen           = 00007FFF99CE7B10
[LOG] SystemI::createSoundInternal             : exinfo->userclose          = 00007FFF99CE7AE0
[LOG] SystemI::createSoundInternal             : exinfo->userread           = 00007FFF99CE7BE0
[LOG] SystemI::createSoundInternal             : exinfo->userseek           = 00007FFF99CE7CA0
[LOG] SystemI::createSoundInternal             : exinfo->fileuserdata       = 000002CF296982F8
[LOG] SystemI::createSoundInternal             : exinfo->initialseekpostype = 1
[LOG] SystemI::DSPCodecPoolRegister            : register codec pool for pool type 5
[LOG] SystemI::createSoundInternal             : Sample 0/1: name='ChalkboadSFX_04-002', format=5, channels=2, frequency=48000, lengthbytes=16096, lengthpcm=134400, pcmblocksize=0, loopstart=0, loopend=0, mode=0x00000000, channelmask=0x00000000, channelorder=0, peakvolume=0.201451.
[LOG] SystemI::createSound                     : filename = FMODAssets/Desktop/Master.bank : mode 02010082
[LOG] SystemI::createSound                     : FMOD_NONBLOCKING specified.  Putting into queue to be opened asynchronously!
[LOG] SystemI::createSound                     : setdata soundi = 000002CF292C7328 : node = 000002CEC124C3F0
[LOG] SystemI::createSound                     : add node to async list : head = 000002CEBE3FAD88.  list count = 0
[LOG] AsyncThread::threadFunc                  : Starting Asynchronous operation on sound 000002CF292C7328
[LOG] SystemI::createSoundInternal             :     Create name='FMODAssets/Desktop/Master.bank', mode=0x02010082
[LOG] SystemI::createSoundInternal             :     exinfo->cbsize             = 224
[LOG] SystemI::createSoundInternal             :     exinfo->length             = 2939904
[LOG] SystemI::createSoundInternal             :     exinfo->fileoffset         = 36096
[LOG] SystemI::createSoundInternal             :     exinfo->numsubsounds       = 1
[LOG] SystemI::createSoundInternal             :     exinfo->inclusionlist      = 000002CEC124C500
[LOG] SystemI::createSoundInternal             :     exinfo->inclusionlistnum   = 1
[LOG] SystemI::createSoundInternal             :     exinfo->suggestedsoundtype = 5
[LOG] SystemI::createSoundInternal             :     exinfo->initialseekpostype = 1
[LOG] SystemI::createSoundInternal             :     Stream 0/1: name='NecromancerAcademyDemo_Take4', format=5, channels=2, frequency=48000, lengthbytes=1067200, lengthpcm=4167476, pcmblocksize=0, loopstart=0, loopend=0, mode=0x00000000, channelmask=0x00000000, channelorder=0, peakvolume=0.969543.
[LOG] AsyncThread::threadFunc                  : Finished Asynchronous operation on sound 000002CF292C7328
[LOG] SoundI::release                          : Demo1_NewMix (000002CEC0065408)
[LOG] SoundI::release                          :     Demo1_NewMix (000002CF296E4208)
[LOG] SoundI::release                          :     Demo1_NewMix (000002CEC0066188)
[LOG] SystemI::createSoundInternal             : Create name='', mode=0x02000202
[LOG] SystemI::createSoundInternal             : exinfo->cbsize             = 224
[LOG] SystemI::createSoundInternal             : exinfo->length             = 2939904
[LOG] SystemI::createSoundInternal             : exinfo->fileoffset         = 36096
[LOG] SystemI::createSoundInternal             : exinfo->numsubsounds       = 1
[LOG] SystemI::createSoundInternal             : exinfo->inclusionlist      = 000000F80EBFF548
[LOG] SystemI::createSoundInternal             : exinfo->inclusionlistnum   = 1
[LOG] SystemI::createSoundInternal             : exinfo->suggestedsoundtype = 5
[LOG] SystemI::createSoundInternal             : exinfo->useropen           = 00007FFF99CE7B10
[LOG] SystemI::createSoundInternal             : exinfo->userclose          = 00007FFF99CE7AE0
[LOG] SystemI::createSoundInternal             : exinfo->userread           = 00007FFF99CE7BE0
[LOG] SystemI::createSoundInternal             : exinfo->userseek           = 00007FFF99CE7CA0
[LOG] SystemI::createSoundInternal             : exinfo->fileuserdata       = 000002CEC1B74928
[LOG] SystemI::createSoundInternal             : exinfo->initialseekpostype = 1
[LOG] SystemI::DSPCodecPoolRegister            : register codec pool for pool type 5
[LOG] SystemI::createSoundInternal             : Sample 0/1: name='CatGhostSFX_Take2_EthrealLowPass', format=5, channels=2, frequency=48000, lengthbytes=32128, lengthpcm=175104, pcmblocksize=0, loopstart=0, loopend=0, mode=0x00000000, channelmask=0x00000000, channelorder=0, peakvolume=0.352081.
[LOG] Manager::readBank                        : fileversion = 135, compatVersion = 132 (oldest = 44, newest = 135)
[LOG] SystemI::createSoundInternal             : Create name='', mode=0x02000202
[LOG] SystemI::createSoundInternal             : exinfo->cbsize             = 224
[LOG] SystemI::createSoundInternal             : exinfo->length             = 2939904
[LOG] SystemI::createSoundInternal             : exinfo->fileoffset         = 36096
[LOG] SystemI::createSoundInternal             : exinfo->numsubsounds       = 1
[LOG] SystemI::createSoundInternal             : exinfo->inclusionlist      = 000000F80EBFF548
[LOG] SystemI::createSoundInternal             : exinfo->inclusionlistnum   = 1
[LOG] SystemI::createSoundInternal             : exinfo->suggestedsoundtype = 5
[LOG] SystemI::createSoundInternal             : exinfo->useropen           = 00007FFF99CE7B10
[LOG] SystemI::createSoundInternal             : exinfo->userclose          = 00007FFF99CE7AE0
[LOG] SystemI::createSoundInternal             : exinfo->userread           = 00007FFF99CE7BE0
[LOG] SystemI::createSoundInternal             : exinfo->userseek           = 00007FFF99CE7CA0
[LOG] SystemI::createSoundInternal             : exinfo->fileuserdata       = 000002CE632A8308
[LOG] SystemI::createSoundInternal             : exinfo->initialseekpostype = 1
[LOG] SystemI::DSPCodecPoolRegister            : register codec pool for pool type 5
[LOG] SystemI::createSoundInternal             : Sample 0/1: name='TickTock_01', format=5, channels=2, frequency=48000, lengthbytes=1280, lengthpcm=50299, pcmblocksize=0, loopstart=0, loopend=0, mode=0x00000000, channelmask=0x00000000, channelorder=0, peakvolume=0.132224.
[LOG] Manager::readBank                        : fileversion = 135, compatVersion = 132 (oldest = 44, newest = 135)
[LOG] Manager::readBank                        : fileversion = 135, compatVersion = 132 (oldest = 44, newest = 135)
[LOG] Manager::readBank                        : fileversion = 135, compatVersion = 132 (oldest = 44, newest = 135)
[LOG] Manager::readBank                        : fileversion = 135, compatVersion = 132 (oldest = 44, newest = 135)
[LOG] SoundI::release                          : NecromancerAcademyDemo_Take4 (000002CF292C7328)
[LOG] SoundI::release                          :     NecromancerAcademyDemo_Take4 (000002CF285D0458)
[LOG] SoundI::release                          :     NecromancerAcademyDemo_Take4 (000002CF292C5B88)
[LOG] SoundI::release                          :  (000002CF297BD748)
[LOG] SoundI::release                          :     CatGhostSFX_Take2_EthrealLowPass (000002CF285D1498)
[LOG] SoundI::release                          :  (000002CEC4FDFBA8)
[LOG] SoundI::release                          :     CatMeows_GhostEffect1_General Meow 2 (000002CF296E5728)
[LOG] SoundI::release                          :  (000002CEC4FDFE88)
[LOG] SoundI::release                          :     CatMeows_GhostEffect1_General Meow 3 (000002CF296E5DA8)
[LOG] SoundI::release                          :  (000002CEC4FE19D8)
[LOG] SoundI::release                          :     CatMeows_GhostEffect1_General Meow (000002CF296E53E8)
[LOG] SoundI::release                          :  (000002CEC4FE0168)
[LOG] SoundI::release                          :     CatMeows_GhostEffect1_MeowPurr (000002CF296E5588)
[LOG] SoundI::release                          :  (000002CEC4FE0B78)
[LOG] SoundI::release                          :     ChalkboadSFX_04-001 (000002CEBE7AF738)
[LOG] SoundI::release                          :  (000002CE41000448)
[LOG] SoundI::release                          :     ChalkboadSFX_04-002 (000002CEBE7AEF18)
[LOG] SoundI::release                          :  (000002CE410002D8)
[LOG] SoundI::release                          :     ChalkboadSFX_04-003 (000002CEBE7AED78)
[LOG] SoundI::release                          :  (000002CEC4FE0FC8)
[LOG] SoundI::release                          :     ChalkboadSFX_04-004 (000002CEBE7AE6F8)
[LOG] SoundI::release                          :  (000002CE40F992A8)
[LOG] SoundI::release                          :     TickTock_01 (000002CF285CF758)
[LOG] Thread::callback                         : FMOD Studio update thread finished.
[LOG] Thread::callback                         : FMOD Studio bank load thread finished.
[LOG] Profile::disconnectAll                   : Profiler disconnecting all clients
[LOG] Thread::callback                         : FMOD Studio sample load thread finished.
[LOG] LiveUpdate::release                      : 
[LOG] LiveUpdate::reset                        : Reset connection (reason Disconnected)
[LOG] Thread::callback                         : FMOD stream thread finished.
[LOG] Thread::callback                         : FMOD mixer thread finished.
[LOG] Profile::disconnectAll                   : Profiler disconnecting all clients
[LOG] SystemI::close                           : Closed.
